This is pdfTeXk, Version 3.141592-1.40.3 (Web2C 7.5.6) (format=pdflatex 2009.10.8)  7 JAN 2010 18:31
entering extended mode
 %&-line parsing enabled.
**\documentclass[a4paper]{article}

*\usepackage[utf8x]{inputenc}
(/usr/share/texmf-texlive/tex/latex/base/article.cls
Document Class: article 2005/09/16 v1.4f Standard LaTeX document class
(/usr/share/texmf-texlive/tex/latex/base/size10.clo
File: size10.clo 2005/09/16 v1.4f Standard LaTeX file (size option)
)
\c@part=\count79
\c@section=\count80
\c@subsection=\count81
\c@subsubsection=\count82
\c@paragraph=\count83
\c@subparagraph=\count84
\c@figure=\count85
\c@table=\count86
\abovecaptionskip=\skip41
\belowcaptionskip=\skip42
\bibindent=\dimen102
)
*\usepackage[lastexercise]{exercise}
(/usr/share/texmf-texlive/tex/latex/base/inputenc.sty
Package: inputenc 2006/05/05 v1.1b Input encoding file
\inpenc@prehook=\toks14
\inpenc@posthook=\toks15

(/usr/share/texmf-texlive/tex/latex/ucs/utf8x.def
File: utf8x.def 2004/10/17 UCS: Input encoding UTF-8
))
(/usr/share/texmf-texlive/tex/latex/ucs/ucs.sty
Package: ucs 2004/10/17 UCS: Unicode input support

(/usr/share/texmf-texlive/tex/latex/ucs/data/uni-global.def
File: uni-global.def 2004/10/17 UCS: Unicode global data
)
\uc@secondtry=\count87
\uc@combtoks=\toks16
\uc@combtoksb=\toks17
\uc@temptokena=\toks18
)
*\usepackage{color}
(/usr/share/texmf-texlive/tex/latex/exercise/exercise.sty
Package: exercise 2004/09/05 v1.1 Exercise package (P.Pichaureau)

(/usr/share/texmf-texlive/tex/latex/graphics/keyval.sty
Package: keyval 1999/03/16 v1.13 key=value parser (DPC)
\KV@toks@=\toks19
)
(/usr/share/texmf-texlive/tex/latex/base/ifthen.sty
Package: ifthen 2001/05/26 v1.1c Standard LaTeX ifthen package (DPC)
)
\Exesep=\skip43
\Exetopsep=\skip44
\Exeparsep=\skip45
\Exepartopsep=\skip46
\Exeleftmargin=\skip47
\Exerightmargin=\skip48
\Exelabelwidth=\skip49
\Exelabelsep=\skip50
\ExerciseBefore=\skip51
\QuestionBefore=\skip52
\subQuestionBefore=\skip53
\subsubQuestionBefore=\skip54
\QuestionIndent=\skip55
\subQuestionIndent=\skip56
\subsubQuestionIndent=\skip57
\c@Exercise=\count88
\c@ExePart=\count89
\c@Question=\count90
\c@subQuestion=\count91
\c@subsubQuestion=\count92
\c@savedQuestion=\count93
\c@savedsubQuestion=\count94
\c@savedsubsubQuestion=\count95
\@QuestionLevel=\count96
\@Exercisebox=\box26
\all@Exercisebox=\box27
\temp@Exercisebox=\box28
\all@Answerbox=\box29
\temp@Answerbox=\box30
\ExerciseDifficulty=\count97
\QuestionDifficulty=\count98
\subQuestionDifficulty=\count99
\subsubQuestionDifficulty=\count100
\ExePartDifficulty=\count101
\@Answerbox=\box31
\colonnesLevel=\count102
\tempskipa=\skip58
\tempskipb=\skip59
\@savedmathindent=\skip60
)
*\usepackage[absolute]{textpos}
(/usr/share/texmf-texlive/tex/latex/graphics/color.sty
Package: color 2005/11/14 v1.0j Standard LaTeX Color (DPC)

(/etc/texmf/tex/latex/config/color.cfg
File: color.cfg 2007/01/18 v1.5 color configuration of teTeX/TeXLive
)
Package color Info: Driver file: pdftex.def on input line 130.

(/usr/share/texmf-texlive/tex/latex/pdftex-def/pdftex.def
File: pdftex.def 2007/01/08 v0.04d Graphics/color for pdfTeX
\Gread@gobject=\count103
))
*\usepackage{verbatim}
(/usr/share/texmf-texlive/tex/latex/textpos/textpos.sty
Package: textpos 2006/09/02 v1.7a

Package: `textpos' 1.7a <2006 September 2>
(/usr/share/texmf-texlive/tex/latex/everyshi/everyshi.sty
Package: everyshi 2001/05/15 v3.00 EveryShipout Package (MS)
)
\TP@textbox=\box32
\TP@holdbox=\box33
\TPHorizModule=\dimen103
\TPVertModule=\dimen104
\TP@margin=\dimen105
\TP@absmargin=\dimen106

Grid set 16 x 16 = 37.34424pt x 52.81541pt
\TPboxrulesize=\dimen107
\TP@ox=\dimen108
\TP@oy=\dimen109
\TP@tbargs=\toks20
\TP@prevdepth=\dimen110
TextBlockOrigin set to 0pt x 0pt
)
*\usepackage{tikz}
(/usr/share/texmf-texlive/tex/latex/tools/verbatim.sty
Package: verbatim 2003/08/22 v1.5q LaTeX2e package for verbatim enhancements
\every@verbatim=\toks21
\verbatim@line=\toks22
\verbatim@in@stream=\read1
)
*\usetikzlibrary{calc}
(/usr/share/texmf/tex/latex/pgf/frontendlayer/tikz.sty
(/usr/share/texmf/tex/latex/pgf/basiclayer/pgf.sty
(/usr/share/texmf/tex/latex/pgf/utilities/pgfrcs.sty
(/usr/share/texmf/tex/generic/pgf/utilities/pgfutil-common.tex
\pgfutil@everybye=\toks23
)
(/usr/share/texmf/tex/generic/pgf/utilities/pgfutil-latex.def)
(/usr/share/texmf/tex/generic/pgf/utilities/pgfrcs.code.tex
Package: pgfrcs 2008/02/20 v2.00 (rcs-revision 1.21)
))
Package: pgf 2008/01/15 v2.00 (rcs-revision 1.12)

(/usr/share/texmf/tex/latex/pgf/basiclayer/pgfcore.sty
(/usr/share/texmf-texlive/tex/latex/graphics/graphicx.sty
Package: graphicx 1999/02/16 v1.0f Enhanced LaTeX Graphics (DPC,SPQR)

(/usr/share/texmf-texlive/tex/latex/graphics/graphics.sty
Package: graphics 2006/02/20 v1.0o Standard LaTeX Graphics (DPC,SPQR)

(/usr/share/texmf-texlive/tex/latex/graphics/trig.sty
Package: trig 1999/03/16 v1.09 sin cos tan (DPC)
)
(/etc/texmf/tex/latex/config/graphics.cfg
File: graphics.cfg 2007/01/18 v1.5 graphics configuration of teTeX/TeXLive
)
Package graphics Info: Driver file: pdftex.def on input line 90.
)
\Gin@req@height=\dimen111
\Gin@req@width=\dimen112
)
(/usr/share/texmf/tex/latex/pgf/systemlayer/pgfsys.sty
(/usr/share/texmf/tex/generic/pgf/systemlayer/pgfsys.code.tex
Package: pgfsys 2008/02/07 v2.00 (rcs-revision 1.31)

(/usr/share/texmf/tex/generic/pgf/utilities/pgfkeys.code.tex
\pgfkeys@pathtoks=\toks24
\pgfkeys@temptoks=\toks25
)
\pgf@x=\dimen113
\pgf@y=\dimen114
\pgf@xa=\dimen115
\pgf@ya=\dimen116
\pgf@xb=\dimen117
\pgf@yb=\dimen118
\pgf@xc=\dimen119
\pgf@yc=\dimen120
\c@pgf@counta=\count104
\c@pgf@countb=\count105
\c@pgf@countc=\count106
\c@pgf@countd=\count107

(/usr/share/texmf/tex/generic/pgf/systemlayer/pgf.cfg
File: pgf.cfg 2008/01/13  (rcs-revision 1.6)
)
Package pgfsys Info: Driver file for pgf: pgfsys-pdftex.def on input line 885.

(/usr/share/texmf/tex/generic/pgf/systemlayer/pgfsys-pdftex.def
File: pgfsys-pdftex.def 2007/12/20  (rcs-revision 1.20)

(/usr/share/texmf/tex/generic/pgf/systemlayer/pgfsys-common-pdf.def
File: pgfsys-common-pdf.def 2007/12/17  (rcs-revision 1.8)
)))
(/usr/share/texmf/tex/generic/pgf/systemlayer/pgfsyssoftpath.code.tex
File: pgfsyssoftpath.code.tex 2008/01/23  (rcs-revision 1.6)
\pgfsyssoftpath@smallbuffer@items=\count108
\pgfsyssoftpath@bigbuffer@items=\count109
)
(/usr/share/texmf/tex/generic/pgf/systemlayer/pgfsysprotocol.code.tex
File: pgfsysprotocol.code.tex 2006/10/16  (rcs-revision 1.4)
))
(/usr/share/texmf/tex/latex/xcolor/xcolor.sty
Package: xcolor 2007/01/21 v2.11 LaTeX color extensions (UK)

(/etc/texmf/tex/latex/config/color.cfg
File: color.cfg 2007/01/18 v1.5 color configuration of teTeX/TeXLive
)
Package xcolor Info: Driver file: pdftex.def on input line 225.
LaTeX Info: Redefining \color on input line 702.
Package xcolor Info: Model `cmy' substituted by `cmy0' on input line 1337.
Package xcolor Info: Model `hsb' substituted by `rgb' on input line 1341.
Package xcolor Info: Model `RGB' extended on input line 1353.
Package xcolor Info: Model `HTML' substituted by `rgb' on input line 1355.
Package xcolor Info: Model `Hsb' substituted by `hsb' on input line 1356.
Package xcolor Info: Model `tHsb' substituted by `hsb' on input line 1357.
Package xcolor Info: Model `HSB' substituted by `hsb' on input line 1358.
Package xcolor Info: Model `Gray' substituted by `gray' on input line 1359.
Package xcolor Info: Model `wave' substituted by `hsb' on input line 1360.
)
(/usr/share/texmf/tex/generic/pgf/basiclayer/pgfcore.code.tex
Package: pgfcore 2008/01/15 v2.00 (rcs-revision 1.6)

(/usr/share/texmf/tex/generic/pgf/math/pgfmath.code.tex
(/usr/share/texmf/tex/generic/pgf/math/pgfmathcalc.code.tex
(/usr/share/texmf/tex/generic/pgf/math/pgfmathutil.code.tex
\pgfmath@box=\box34
)
(/usr/share/texmf/tex/generic/pgf/math/pgfmathparser.code.tex
\pgfmath@stack=\toks26
\c@pgfmath@parsecounta=\count110
\c@pgfmath@parsecountb=\count111
\c@pgfmath@parsecountc=\count112
\pgfmath@parsex=\dimen121
)
(/usr/share/texmf/tex/generic/pgf/math/pgfmathoperations.code.tex
(/usr/share/texmf/tex/generic/pgf/math/pgfmathtrig.code.tex)
(/usr/share/texmf/tex/generic/pgf/math/pgfmathrnd.code.tex))
(/usr/share/texmf/tex/generic/pgf/math/pgfmathbase.code.tex)))
(/usr/share/texmf/tex/generic/pgf/basiclayer/pgfcorepoints.code.tex
File: pgfcorepoints.code.tex 2008/02/03  (rcs-revision 1.13)
\pgf@picminx=\dimen122
\pgf@picmaxx=\dimen123
\pgf@picminy=\dimen124
\pgf@picmaxy=\dimen125
\pgf@pathminx=\dimen126
\pgf@pathmaxx=\dimen127
\pgf@pathminy=\dimen128
\pgf@pathmaxy=\dimen129
\pgf@xx=\dimen130
\pgf@xy=\dimen131
\pgf@yx=\dimen132
\pgf@yy=\dimen133
\pgf@zx=\dimen134
\pgf@zy=\dimen135
)
(/usr/share/texmf/tex/generic/pgf/basiclayer/pgfcorepathconstruct.code.tex
File: pgfcorepathconstruct.code.tex 2008/02/13  (rcs-revision 1.14)
\pgf@path@lastx=\dimen136
\pgf@path@lasty=\dimen137
)
(/usr/share/texmf/tex/generic/pgf/basiclayer/pgfcorepathusage.code.tex
File: pgfcorepathusage.code.tex 2008/01/23  (rcs-revision 1.11)
\pgf@shorten@end@additional=\dimen138
\pgf@shorten@start@additional=\dimen139
)
(/usr/share/texmf/tex/generic/pgf/basiclayer/pgfcorescopes.code.tex
File: pgfcorescopes.code.tex 2008/01/15  (rcs-revision 1.26)
\pgfpic=\box35
\pgf@hbox=\box36
\pgf@layerbox@main=\box37
\pgf@picture@serial@count=\count113
)
(/usr/share/texmf/tex/generic/pgf/basiclayer/pgfcoregraphicstate.code.tex
File: pgfcoregraphicstate.code.tex 2007/12/12  (rcs-revision 1.8)
\pgflinewidth=\dimen140
)
(/usr/share/texmf/tex/generic/pgf/basiclayer/pgfcoretransformations.code.tex
File: pgfcoretransformations.code.tex 2008/02/04  (rcs-revision 1.10)
\pgf@pt@x=\dimen141
\pgf@pt@y=\dimen142
\pgf@pt@temp=\dimen143
)
(/usr/share/texmf/tex/generic/pgf/basiclayer/pgfcorequick.code.tex
File: pgfcorequick.code.tex 2006/10/11  (rcs-revision 1.2)
)
(/usr/share/texmf/tex/generic/pgf/basiclayer/pgfcoreobjects.code.tex
File: pgfcoreobjects.code.tex 2006/10/11  (rcs-revision 1.2)
)
(/usr/share/texmf/tex/generic/pgf/basiclayer/pgfcorepathprocessing.code.tex
File: pgfcorepathprocessing.code.tex 2008/01/23  (rcs-revision 1.7)
)
(/usr/share/texmf/tex/generic/pgf/basiclayer/pgfcorearrows.code.tex
File: pgfcorearrows.code.tex 2007/06/07  (rcs-revision 1.8)
)
(/usr/share/texmf/tex/generic/pgf/basiclayer/pgfcoreshade.code.tex
File: pgfcoreshade.code.tex 2007/12/10  (rcs-revision 1.9)
\pgf@max=\dimen144
\pgf@sys@shading@range@num=\count114
)
(/usr/share/texmf/tex/generic/pgf/basiclayer/pgfcoreimage.code.tex
File: pgfcoreimage.code.tex 2008/01/15  (rcs-revision 1.1)
\pgfexternal@startupbox=\box38
)
(/usr/share/texmf/tex/generic/pgf/basiclayer/pgfcorelayers.code.tex
File: pgfcorelayers.code.tex 2008/01/15  (rcs-revision 1.1)
)
(/usr/share/texmf/tex/generic/pgf/basiclayer/pgfcoretransparency.code.tex
File: pgfcoretransparency.code.tex 2008/01/17  (rcs-revision 1.2)
)
(/usr/share/texmf/tex/generic/pgf/basiclayer/pgfcorepatterns.code.tex
File: pgfcorepatterns.code.tex 2008/01/15  (rcs-revision 1.1)
)))
(/usr/share/texmf/tex/generic/pgf/modules/pgfmoduleshapes.code.tex
File: pgfmoduleshapes.code.tex 2008/02/13  (rcs-revision 1.4)
\pgfnodeparttextbox=\box39
\toks@savedmacro=\toks27
)
(/usr/share/texmf/tex/generic/pgf/modules/pgfmoduleplot.code.tex
File: pgfmoduleplot.code.tex 2008/01/15  (rcs-revision 1.1)
\pgf@plotwrite=\write3
)
(/usr/share/texmf/tex/latex/pgf/compatibility/pgfcomp-version-0-65.sty
Package: pgfcomp-version-0-65 2007/07/03 v2.00 (rcs-revision 1.7)
\pgf@nodesepstart=\dimen145
\pgf@nodesepend=\dimen146
)
(/usr/share/texmf/tex/latex/pgf/compatibility/pgfcomp-version-1-18.sty
Package: pgfcomp-version-1-18 2007/07/23 v2.00 (rcs-revision 1.1)
))
(/usr/share/texmf/tex/latex/pgf/utilities/pgffor.sty
(/usr/share/texmf/tex/generic/pgf/utilities/pgffor.code.tex
Package: pgffor 2007/11/07 v2.00 (rcs-revision 1.8)
\pgffor@iter=\dimen147
\pgffor@skip=\dimen148
))
(/usr/share/texmf/tex/generic/pgf/frontendlayer/tikz/tikz.code.tex
Package: tikz 2008/02/13 v2.00 (rcs-revision 1.27)

(/usr/share/texmf/tex/generic/pgf/libraries/pgflibraryplothandlers.code.tex
File: pgflibraryplothandlers.code.tex 2007/03/09 v2.00 (rcs-revision 1.9)
\pgf@plot@mark@count=\count115
\pgfplotmarksize=\dimen149
)
\tikz@lastx=\dimen150
\tikz@lasty=\dimen151
\tikz@lastxsaved=\dimen152
\tikz@lastysaved=\dimen153
\tikzleveldistance=\dimen154
\tikzsiblingdistance=\dimen155
\tikz@figbox=\box40
\tikz@tempbox=\box41
\tikztreelevel=\count116
\tikznumberofchildren=\count117
\tikznumberofcurrentchild=\count118
\tikz@fig@count=\count119

(/usr/share/texmf/tex/generic/pgf/modules/pgfmodulematrix.code.tex
File: pgfmodulematrix.code.tex 2008/01/15  (rcs-revision 1.1)
\pgfmatrixcurrentrow=\count120
\pgfmatrixcurrentcolumn=\count121
\pgf@matrix@numberofcolumns=\count122
)
\tikz@expandcount=\count123

(/usr/share/texmf/tex/generic/pgf/frontendlayer/tikz/libraries/tikzlibrarytopat
hs.code.tex
File: tikzlibrarytopaths.code.tex 2008/01/09 v2.00 (rcs-revision 1.1)
)))
(/usr/share/texmf/tex/generic/pgf/frontendlayer/tikz/libraries/tikzlibrarycalc.
code.tex
File: tikzlibrarycalc.code.tex 2008/02/04 v2.00 (rcs-revision 1.5)
)
*\usetikzlibrary{positioning}

(/usr/share/texmf/tex/generic/pgf/frontendlayer/tikz/libraries/tikzlibraryposit
ioning.code.tex
File: tikzlibrarypositioning.code.tex 2008/02/12 v2.00 (rcs-revision 1.5)
)
*\usetikzlibrary{shapes.misc}

(/usr/share/texmf/tex/generic/pgf/frontendlayer/tikz/libraries/tikzlibraryshape
s.misc.code.tex
File: tikzlibraryshapes.misc.code.tex 2008/01/09 v2.00 (rcs-revision 1.1)

(/usr/share/texmf/tex/generic/pgf/libraries/pgflibraryshapes.misc.code.tex
File: pgflibraryshapes.misc.code.tex 2008/02/12 v2.00 (rcs-revision 1.10)
))
*\usetikzlibrary{arrows}

(/usr/share/texmf/tex/generic/pgf/frontendlayer/tikz/libraries/tikzlibraryarrow
s.code.tex
File: tikzlibraryarrows.code.tex 2008/01/09 v2.00 (rcs-revision 1.1)

(/usr/share/texmf/tex/generic/pgf/libraries/pgflibraryarrows.code.tex
File: pgflibraryarrows.code.tex 2007/06/07 v2.00 (rcs-revision 1.7)
))
*
(Please type a command or say `\end')
*\renewcommand\ExerciseName{Exercice}

*\renewcommand{\AnswerHeader}{\medskip\centerline{\textbf{Solution de

*                        l'\ExerciseName  \ExerciseHeaderNB}\smallskip}}

*\newenvironment{CAnswer}{\color{red}\begin{Answer}}

*                        {\end{Answer}}

*
(Please type a command or say `\end')
*\title{Prolog - TP2\\Récursion, Listes}

*\date{}

*
(Please type a command or say `\end')
*\begin{document}
(./TP2-corr.aux)
\openout1 = `TP2-corr.aux'.

LaTeX Font Info:    Checking defaults for OML/cmm/m/it on input line 0.
LaTeX Font Info:    ... okay on input line 0.
LaTeX Font Info:    Checking defaults for T1/cmr/m/n on input line 0.
LaTeX Font Info:    ... okay on input line 0.
LaTeX Font Info:    Checking defaults for OT1/cmr/m/n on input line 0.
LaTeX Font Info:    ... okay on input line 0.
LaTeX Font Info:    Checking defaults for OMS/cmsy/m/n on input line 0.
LaTeX Font Info:    ... okay on input line 0.
LaTeX Font Info:    Checking defaults for OMX/cmex/m/n on input line 0.
LaTeX Font Info:    ... okay on input line 0.
LaTeX Font Info:    Checking defaults for U/cmr/m/n on input line 0.
LaTeX Font Info:    ... okay on input line 0.
 (/usr/share/texmf-texlive/tex/latex/ucs/ucsencs.def
File: ucsencs.def 2003/11/29 Fixes to fontencodings LGR, T3
)
(/usr/share/texmf/tex/context/base/supp-pdf.tex
[Loading MPS to PDF converter (version 2006.09.02).]
\scratchcounter=\count124
\scratchdimen=\dimen156
\scratchbox=\box42
\nofMPsegments=\count125
\nofMParguments=\count126
\everyMPshowfont=\toks28
\MPscratchCnt=\count127
\MPscratchDim=\dimen157
\MPnumerator=\count128
\everyMPtoPDFconversion=\toks29
) ABD: EveryShipout initializing macros
*\maketitle
(/usr/share/texmf-texlive/tex/latex/ucs/data/uni-0.def
File: uni-0.def 2004/10/17 UCS: Unicode data U+0000..U+00FF
)
LaTeX Font Info:    External font `cmex10' loaded for size
(Font)              <12> on input line 0.
LaTeX Font Info:    External font `cmex10' loaded for size
(Font)              <8> on input line 0.
LaTeX Font Info:    External font `cmex10' loaded for size
(Font)              <6> on input line 0.


LaTeX Warning: No \author given.


*\begin{textblock*}{4cm}(10mm,10mm)

*\begin{Large}ESIAL 3A IL LE\end{Large}

*\end{textblock*}

Overfull \hbox (2.39659pt too wide) detected at line 0
[]\OT1/cmr/m/n/14.4 ESIAL 3A IL LE 
 []


*\begin{textblock*}{3cm}(160mm,10mm)

*\includegraphics[width=\textwidth]{../../ESIAL.pdf}
<../../ESIAL.pdf, id=4, 122.056pt x 130.88899pt>
File: ../../ESIAL.pdf Graphic file (type pdf)
 <use ../../ESIAL.pdf>
*\end{textblock*}

Overfull \hbox (15.0pt too wide) detected at line 0
[][] 
 []


*
(Please type a command or say `\end')
*\begin{Exercise}[title={Quelques tests}]
PAs de label
*Sans lancer les requêtes, devinez quel est le résultat des requêtes suivant
es :

*\Question \verb$?­ [] = _.$

*\Question \verb$?­ [_] = [].$

*\Question \verb$?­ [_ | _] = [_].$

*\Question \verb$?­ [_ | [_]] = [_].$\\

*Testez ensuite vos résultats avec Prolog.

*\end{Exercise}

*\begin{CAnswer}

*\begin{verbatim}

*?­ [] = _.

*yes

*?­ [_] = [].

*no

*?­ [_ | _] = [_].

*yes

*?­ [_ | [_]] = [_].

*no

*\end{verbatim}

*\end{CAnswer}

*
(Please type a command or say `\end')
*\begin{Exercise}[title={Poupées russes}]
PAs de label
*On souhaite pouvoir représenter un jeu de poupées russes. Représentez la

*situation suivante :

*\begin{center}

*\begin{tikzpicture}[nodes={minimum size=1.5em}]

* \foreach \x in {4,5,6,7} {

* \draw[scale=\x*.05,ultra thick] (3,-5) -- (4,1) -- (2,3) coordinate (p\x)

*       to [out=80,in=0] (0,5)

*       to [out=180,in=90] (-2,3) -- (-4,1) -- (-3,-5) -- cycle;

* }

* \draw (2, .0) node [anchor=west] {irina} [red,thick] -- (p4);

* \draw (2, .5) node [anchor=west] {natasha} [red,thick] -- (p5);

* \draw (2, 1.) node [anchor=west] {olga} [red,thick] -- (p6);

* \draw (2, 1.5) node [anchor=west] {katarina} [red,thick] -- (p7);

*\end{tikzpicture}

*\end{center}

*Ecrivez le prédicat \verb$dans/2$, vrai si une poupée est dans une autre peu


*importe son niveau d'imbrication. Vous pourrez vous appuyer sur un prédicat

*\verb$directementDans/2$, vrai si une poupée est directement dans une autre.

*\end{Exercise}

*\begin{CAnswer}

*\verbatiminput{poupee_russes.pro}
File: poupee_russes.pro  (verbatim)

*\end{CAnswer}

*
[1{/var/lib/texmf/fonts/map/pdftex/updmap/pdftex.map}

 <../../ESIAL.pdf

pdfTeX warning: pdflatex (file ../../ESIAL.pdf): PDF inclusion: Page Group dete
cted which pdfTeX can't handle. Ignoring it.
>]
(Please type a command or say `\end')
*\begin{Exercise}[title={Dernier}]
PAs de label
*Ecrivez le prédicat \verb$dernier/2$, vrai lorsque le second argument est le

*dernier élément de la liste donnée en premier argument. Par exemple :

*\begin{verbatim}

*?­ dernier([a,b,c], c).

*yes

*\end{verbatim}

*\end{Exercise}

*\begin{CAnswer}

*\verbatiminput{dernier.pro}
File: dernier.pro  (verbatim)

*\end{CAnswer}

*
(Please type a command or say `\end')
*\begin{Exercise}[title={Inversion}]
PAs de label
*\Question Ecrivez le prédicat \verb$inverse/2$, vrai lorsque la seconde liste


*est une inversion de la première liste. Par exemple :

*\begin{verbatim}

*?­ inverse([a,b,c,d], [d,c,b,a]).

*yes

*\end{verbatim}

*Vous pouvez éventuellement vous appuyer sur le prédicat \verb$append/3$.

*\Question Ecrivez ensuite le prédicat \verb$palindrome/1$, qui teste si une

*liste est un palindrome\footnote{un palindrome est un mot qui se lit de la
LaTeX Font Info:    External font `cmex10' loaded for size
(Font)              <7> on input line 0.
LaTeX Font Info:    External font `cmex10' loaded for size
(Font)              <5> on input line 0.

*même façon de droite à gauche que de gauche à droite}. Par exemple :

*\begin{verbatim}

*?­ palindrome([n,o,n]).

*yes

*?­ palindrome([o,u,i]).

*no

*\end{verbatim}

*Testez \verb$palindrome([o,u|Y]).$.

*\Question Vous pouvez réécrire le prédicat \verb$dernier/2$ très facilemen
t

*avec le prédicat \verb$inverse/2$. Comment faire ?

*\end{Exercise}

Overfull \hbox (3.08328pt too wide) detected at line 0
[]\OT1/cmr/m/n/10 Vous pou-vez r^^Se^^Secrire le pr^^Sedicat []\OT1/cmtt/m/n/10
 dernier/2 \OT1/cmr/m/n/10 tr^^Res facile-ment avec le pr^^Sedicat
 []


*\begin{CAnswer}

*\verbatiminput{inversion.pro}
File: inversion.pro  (verbatim)

*\end{CAnswer}

*
(Please type a command or say `\end')
*\begin{Exercise}[title={Plus longue}]
PAs de label
*\Question Ecrivez le prédicat \verb$pluslongue/2$, vrai si la première liste


*est strictement plus longue que la seconde. Par exemple:

*\begin{verbatim}

*?­ pluslongue([a,b,c], [d,e]).

*yes

*\end{verbatim}

*\Question Ecrivez le prédicat \verb$lapluslongue/2$, tel que le premier

*argument soit une liste de listes, et le second argument la liste la plus

*longue strictement appartenant à cette liste. Par exemple :

*\begin{verbatim}

*?­ lapluslongue([[a,b], [c,d,e], []], X).

*X = [c,d,e]

*yes

*\end{verbatim}

*\end{Exercise}

*\begin{CAnswer}

*\verbatiminput{plus_longue.pro}
File: plus_longue.pro  (verbatim)

*\end{CAnswer}

*
[2]
(Please type a command or say `\end')
*\begin{Exercise}[title={Voyage}]
PAs de label
*On cherche à déterminer les trajets qui existent entre deux villes :

*\begin{center}

*\begin{tikzpicture}[nodes={draw, rounded rectangle, fill=blue!20,

*			   minimum size=1.5em},

*		    every path/.style={draw, -latex,shorten >=2pt, shorten <=2pt},

*                    thick]

* \node (moscou) {Moscou};

* \node [left=of moscou] (vienne) {Vienne};

* \node [above left=of vienne] (berlin) {Berlin};

* \node [below left=of vienne] (rome) {Rome};

* \node [below left=of berlin] (paris) {Paris};

* \node [above left=of paris] (madrid) {Madrid};

* \node [below left=of paris] (londre) {Londre};

*
(Please type a command or say `\end')
* \path (madrid) edge (paris)

*       (paris)  edge (berlin)

*		edge (rome)

*                edge (londre)

*       (rome)   edge (berlin)

*		edge (vienne)

*       (vienne) edge (berlin)

*		edge (moscou);

*\end{tikzpicture}

*\end{center}

*\Question Ecrivez un prédicat \verb$voyage/3$, dont le premier argument est u
ne

*ville de départ, le second argument une ville de destination, et le troisièm
e

*argument la liste des villes qu'il faut traverser pour se rendre de la ville d
e

*départ à la ville de destination. On doit avoir :

*\begin{verbatim}

*?­ voyage(madrid, vienne, [paris, rome, vienne]).

*yes

*\end{verbatim}

*Testez votre prédicat avec des variables, par exemple pour obtenir la liste d
es

*trajets possibles entre deux villes, ou l'ensemble des villes accessibles éta
nt

*donné une ville de départ et un trajet.

*
(Please type a command or say `\end')
*\Question Appuyez vous sur ce qui a été fait dans l'exercice précédent pou
r

*écrire le prédicat \verb$lepluscourtvoyage/3$, qui renvoie le voyage le plus


*court entre deux villes. Vous pourrez utiliser le prédicat \verb$findall/3$ q
ui

*permet de rassembler dans une liste tous les résultats d'une requête. Par

*exemple, si on a :

*\begin{verbatim}

*p(a).

*p(b).

*p(c).

*?­findall(X, p(X), L).

*L = [a,b,c].

*\end{verbatim}

*Le premier argument désigne la variable correspondant aux éléments de la li
ste

*résultat, le second argument la condition que doit satisfaire la variable et 
le

*troisième argument désigne la liste résultat.

*\end{Exercise}

*\begin{CAnswer}

*\verbatiminput{voyage.pro}
File: voyage.pro  (verbatim)

Overfull \hbox (85.49625pt too wide) detected at line 0
[]\OT1/cmtt/m/n/10 lepluscourtvoyage(V1,V2,L):-findall(L1, voyage(V1,V2,L1), L2
), lapluscourte(L2,L).[] 
 []


*\end{CAnswer}

*
[3]
(Please type a command or say `\end')
*\end{document}
[4] (./TP2-corr.aux) 
Here is how much of TeX's memory you used:
 9064 strings out of 94101
 160174 string characters out of 1165810
 218296 words of memory out of 1500000
 12158 multiletter control sequences out of 10000+50000
 7756 words of font info for 28 fonts, out of 1200000 for 2000
 637 hyphenation exceptions out of 8191
 46i,9n,68p,330b,736s stack positions out of 5000i,500n,6000p,200000b,5000s
</usr/share/texmf-texlive/fonts/type1/bluesky/cm/cmbx10.pfb
></usr/share/texmf-texlive/fonts/type1/bluesky/cm/cmbx12.pfb></usr/share/texmf-
texlive/fonts/type1/bluesky/cm/cmr10.pfb></usr/share/texmf-texlive/fonts/type1/
bluesky/cm/cmr12.pfb></usr/share/texmf-texlive/fonts/type1/bluesky/cm/cmr17.pfb
></usr/share/texmf-texlive/fonts/type1/bluesky/cm/cmr6.pfb></usr/share/texmf-te
xlive/fonts/type1/bluesky/cm/cmr7.pfb></usr/share/texmf-texlive/fonts/type1/blu
esky/cm/cmr8.pfb></usr/share/texmf-texlive/fonts/type1/bluesky/cm/cmtt10.pfb>
Output written on TP2-corr.pdf (4 pages, 98924 bytes).
PDF statistics:
 57 PDF objects out of 1000 (max. 8388607)
 0 named destinations out of 1000 (max. 131072)
 18 words of extra memory for PDF output out of 10000 (max. 10000000)

