This is pdfTeXk, Version 3.141592-1.40.3 (Web2C 7.5.6) (format=pdflatex 2009.10.8)  7 JAN 2010 18:31
entering extended mode
 %&-line parsing enabled.
**\documentclass[a4paper]{article}

*\usepackage[utf8x]{inputenc}
(/usr/share/texmf-texlive/tex/latex/base/article.cls
Document Class: article 2005/09/16 v1.4f Standard LaTeX document class
(/usr/share/texmf-texlive/tex/latex/base/size10.clo
File: size10.clo 2005/09/16 v1.4f Standard LaTeX file (size option)
)
\c@part=\count79
\c@section=\count80
\c@subsection=\count81
\c@subsubsection=\count82
\c@paragraph=\count83
\c@subparagraph=\count84
\c@figure=\count85
\c@table=\count86
\abovecaptionskip=\skip41
\belowcaptionskip=\skip42
\bibindent=\dimen102
)
*\usepackage[lastexercise,noanswer]{exercise}
(/usr/share/texmf-texlive/tex/latex/base/inputenc.sty
Package: inputenc 2006/05/05 v1.1b Input encoding file
\inpenc@prehook=\toks14
\inpenc@posthook=\toks15

(/usr/share/texmf-texlive/tex/latex/ucs/utf8x.def
File: utf8x.def 2004/10/17 UCS: Input encoding UTF-8
))
(/usr/share/texmf-texlive/tex/latex/ucs/ucs.sty
Package: ucs 2004/10/17 UCS: Unicode input support

(/usr/share/texmf-texlive/tex/latex/ucs/data/uni-global.def
File: uni-global.def 2004/10/17 UCS: Unicode global data
)
\uc@secondtry=\count87
\uc@combtoks=\toks16
\uc@combtoksb=\toks17
\uc@temptokena=\toks18
)
*\usepackage{color}
(/usr/share/texmf-texlive/tex/latex/exercise/exercise.sty
Package: exercise 2004/09/05 v1.1 Exercise package (P.Pichaureau)

(/usr/share/texmf-texlive/tex/latex/graphics/keyval.sty
Package: keyval 1999/03/16 v1.13 key=value parser (DPC)
\KV@toks@=\toks19
)
(/usr/share/texmf-texlive/tex/latex/base/ifthen.sty
Package: ifthen 2001/05/26 v1.1c Standard LaTeX ifthen package (DPC)
)
\Exesep=\skip43
\Exetopsep=\skip44
\Exeparsep=\skip45
\Exepartopsep=\skip46
\Exeleftmargin=\skip47
\Exerightmargin=\skip48
\Exelabelwidth=\skip49
\Exelabelsep=\skip50
\ExerciseBefore=\skip51
\QuestionBefore=\skip52
\subQuestionBefore=\skip53
\subsubQuestionBefore=\skip54
\QuestionIndent=\skip55
\subQuestionIndent=\skip56
\subsubQuestionIndent=\skip57
\c@Exercise=\count88
\c@ExePart=\count89
\c@Question=\count90
\c@subQuestion=\count91
\c@subsubQuestion=\count92
\c@savedQuestion=\count93
\c@savedsubQuestion=\count94
\c@savedsubsubQuestion=\count95
\@QuestionLevel=\count96
\@Exercisebox=\box26
\all@Exercisebox=\box27
\temp@Exercisebox=\box28
\all@Answerbox=\box29
\temp@Answerbox=\box30
\ExerciseDifficulty=\count97
\QuestionDifficulty=\count98
\subQuestionDifficulty=\count99
\subsubQuestionDifficulty=\count100
\ExePartDifficulty=\count101
\@Answerbox=\box31
\colonnesLevel=\count102
\tempskipa=\skip58
\tempskipb=\skip59
\@savedmathindent=\skip60
)
*\usepackage{amssymb}
(/usr/share/texmf-texlive/tex/latex/graphics/color.sty
Package: color 2005/11/14 v1.0j Standard LaTeX Color (DPC)

(/etc/texmf/tex/latex/config/color.cfg
File: color.cfg 2007/01/18 v1.5 color configuration of teTeX/TeXLive
)
Package color Info: Driver file: pdftex.def on input line 130.

(/usr/share/texmf-texlive/tex/latex/pdftex-def/pdftex.def
File: pdftex.def 2007/01/08 v0.04d Graphics/color for pdfTeX
\Gread@gobject=\count103
))
*\usepackage[absolute]{textpos}
(/usr/share/texmf-texlive/tex/latex/amsfonts/amssymb.sty
Package: amssymb 2002/01/22 v2.2d

(/usr/share/texmf-texlive/tex/latex/amsfonts/amsfonts.sty
Package: amsfonts 2001/10/25 v2.2f
\@emptytoks=\toks20
\symAMSa=\mathgroup4
\symAMSb=\mathgroup5
LaTeX Font Info:    Overwriting math alphabet `\mathfrak' in version `bold'
(Font)                  U/euf/m/n --> U/euf/b/n on input line 132.
))
*\usepackage{verbatim}
(/usr/share/texmf-texlive/tex/latex/textpos/textpos.sty
Package: textpos 2006/09/02 v1.7a

Package: `textpos' 1.7a <2006 September 2>
(/usr/share/texmf-texlive/tex/latex/everyshi/everyshi.sty
Package: everyshi 2001/05/15 v3.00 EveryShipout Package (MS)
)
\TP@textbox=\box32
\TP@holdbox=\box33
\TPHorizModule=\dimen103
\TPVertModule=\dimen104
\TP@margin=\dimen105
\TP@absmargin=\dimen106

Grid set 16 x 16 = 37.34424pt x 52.81541pt
\TPboxrulesize=\dimen107
\TP@ox=\dimen108
\TP@oy=\dimen109
\TP@tbargs=\toks21
\TP@prevdepth=\dimen110
TextBlockOrigin set to 0pt x 0pt
)
*\usepackage{ifthen}
(/usr/share/texmf-texlive/tex/latex/tools/verbatim.sty
Package: verbatim 2003/08/22 v1.5q LaTeX2e package for verbatim enhancements
\every@verbatim=\toks22
\verbatim@line=\toks23
\verbatim@in@stream=\read1
)
*\usepackage{tikz}

*\usepackage{xkeyval,calc,listings,fp}
(/usr/share/texmf/tex/latex/pgf/frontendlayer/tikz.sty
(/usr/share/texmf/tex/latex/pgf/basiclayer/pgf.sty
(/usr/share/texmf/tex/latex/pgf/utilities/pgfrcs.sty
(/usr/share/texmf/tex/generic/pgf/utilities/pgfutil-common.tex
\pgfutil@everybye=\toks24
)
(/usr/share/texmf/tex/generic/pgf/utilities/pgfutil-latex.def)
(/usr/share/texmf/tex/generic/pgf/utilities/pgfrcs.code.tex
Package: pgfrcs 2008/02/20 v2.00 (rcs-revision 1.21)
))
Package: pgf 2008/01/15 v2.00 (rcs-revision 1.12)

(/usr/share/texmf/tex/latex/pgf/basiclayer/pgfcore.sty
(/usr/share/texmf-texlive/tex/latex/graphics/graphicx.sty
Package: graphicx 1999/02/16 v1.0f Enhanced LaTeX Graphics (DPC,SPQR)

(/usr/share/texmf-texlive/tex/latex/graphics/graphics.sty
Package: graphics 2006/02/20 v1.0o Standard LaTeX Graphics (DPC,SPQR)

(/usr/share/texmf-texlive/tex/latex/graphics/trig.sty
Package: trig 1999/03/16 v1.09 sin cos tan (DPC)
)
(/etc/texmf/tex/latex/config/graphics.cfg
File: graphics.cfg 2007/01/18 v1.5 graphics configuration of teTeX/TeXLive
)
Package graphics Info: Driver file: pdftex.def on input line 90.
)
\Gin@req@height=\dimen111
\Gin@req@width=\dimen112
)
(/usr/share/texmf/tex/latex/pgf/systemlayer/pgfsys.sty
(/usr/share/texmf/tex/generic/pgf/systemlayer/pgfsys.code.tex
Package: pgfsys 2008/02/07 v2.00 (rcs-revision 1.31)

(/usr/share/texmf/tex/generic/pgf/utilities/pgfkeys.code.tex
\pgfkeys@pathtoks=\toks25
\pgfkeys@temptoks=\toks26
)
\pgf@x=\dimen113
\pgf@y=\dimen114
\pgf@xa=\dimen115
\pgf@ya=\dimen116
\pgf@xb=\dimen117
\pgf@yb=\dimen118
\pgf@xc=\dimen119
\pgf@yc=\dimen120
\c@pgf@counta=\count104
\c@pgf@countb=\count105
\c@pgf@countc=\count106
\c@pgf@countd=\count107

(/usr/share/texmf/tex/generic/pgf/systemlayer/pgf.cfg
File: pgf.cfg 2008/01/13  (rcs-revision 1.6)
)
Package pgfsys Info: Driver file for pgf: pgfsys-pdftex.def on input line 885.

(/usr/share/texmf/tex/generic/pgf/systemlayer/pgfsys-pdftex.def
File: pgfsys-pdftex.def 2007/12/20  (rcs-revision 1.20)

(/usr/share/texmf/tex/generic/pgf/systemlayer/pgfsys-common-pdf.def
File: pgfsys-common-pdf.def 2007/12/17  (rcs-revision 1.8)
)))
(/usr/share/texmf/tex/generic/pgf/systemlayer/pgfsyssoftpath.code.tex
File: pgfsyssoftpath.code.tex 2008/01/23  (rcs-revision 1.6)
\pgfsyssoftpath@smallbuffer@items=\count108
\pgfsyssoftpath@bigbuffer@items=\count109
)
(/usr/share/texmf/tex/generic/pgf/systemlayer/pgfsysprotocol.code.tex
File: pgfsysprotocol.code.tex 2006/10/16  (rcs-revision 1.4)
))
(/usr/share/texmf/tex/latex/xcolor/xcolor.sty
Package: xcolor 2007/01/21 v2.11 LaTeX color extensions (UK)

(/etc/texmf/tex/latex/config/color.cfg
File: color.cfg 2007/01/18 v1.5 color configuration of teTeX/TeXLive
)
Package xcolor Info: Driver file: pdftex.def on input line 225.
LaTeX Info: Redefining \color on input line 702.
Package xcolor Info: Model `cmy' substituted by `cmy0' on input line 1337.
Package xcolor Info: Model `hsb' substituted by `rgb' on input line 1341.
Package xcolor Info: Model `RGB' extended on input line 1353.
Package xcolor Info: Model `HTML' substituted by `rgb' on input line 1355.
Package xcolor Info: Model `Hsb' substituted by `hsb' on input line 1356.
Package xcolor Info: Model `tHsb' substituted by `hsb' on input line 1357.
Package xcolor Info: Model `HSB' substituted by `hsb' on input line 1358.
Package xcolor Info: Model `Gray' substituted by `gray' on input line 1359.
Package xcolor Info: Model `wave' substituted by `hsb' on input line 1360.
)
(/usr/share/texmf/tex/generic/pgf/basiclayer/pgfcore.code.tex
Package: pgfcore 2008/01/15 v2.00 (rcs-revision 1.6)

(/usr/share/texmf/tex/generic/pgf/math/pgfmath.code.tex
(/usr/share/texmf/tex/generic/pgf/math/pgfmathcalc.code.tex
(/usr/share/texmf/tex/generic/pgf/math/pgfmathutil.code.tex
\pgfmath@box=\box34
)
(/usr/share/texmf/tex/generic/pgf/math/pgfmathparser.code.tex
\pgfmath@stack=\toks27
\c@pgfmath@parsecounta=\count110
\c@pgfmath@parsecountb=\count111
\c@pgfmath@parsecountc=\count112
\pgfmath@parsex=\dimen121
)
(/usr/share/texmf/tex/generic/pgf/math/pgfmathoperations.code.tex
(/usr/share/texmf/tex/generic/pgf/math/pgfmathtrig.code.tex)
(/usr/share/texmf/tex/generic/pgf/math/pgfmathrnd.code.tex))
(/usr/share/texmf/tex/generic/pgf/math/pgfmathbase.code.tex)))
(/usr/share/texmf/tex/generic/pgf/basiclayer/pgfcorepoints.code.tex
File: pgfcorepoints.code.tex 2008/02/03  (rcs-revision 1.13)
\pgf@picminx=\dimen122
\pgf@picmaxx=\dimen123
\pgf@picminy=\dimen124
\pgf@picmaxy=\dimen125
\pgf@pathminx=\dimen126
\pgf@pathmaxx=\dimen127
\pgf@pathminy=\dimen128
\pgf@pathmaxy=\dimen129
\pgf@xx=\dimen130
\pgf@xy=\dimen131
\pgf@yx=\dimen132
\pgf@yy=\dimen133
\pgf@zx=\dimen134
\pgf@zy=\dimen135
)
(/usr/share/texmf/tex/generic/pgf/basiclayer/pgfcorepathconstruct.code.tex
File: pgfcorepathconstruct.code.tex 2008/02/13  (rcs-revision 1.14)
\pgf@path@lastx=\dimen136
\pgf@path@lasty=\dimen137
)
(/usr/share/texmf/tex/generic/pgf/basiclayer/pgfcorepathusage.code.tex
File: pgfcorepathusage.code.tex 2008/01/23  (rcs-revision 1.11)
\pgf@shorten@end@additional=\dimen138
\pgf@shorten@start@additional=\dimen139
)
(/usr/share/texmf/tex/generic/pgf/basiclayer/pgfcorescopes.code.tex
File: pgfcorescopes.code.tex 2008/01/15  (rcs-revision 1.26)
\pgfpic=\box35
\pgf@hbox=\box36
\pgf@layerbox@main=\box37
\pgf@picture@serial@count=\count113
)
(/usr/share/texmf/tex/generic/pgf/basiclayer/pgfcoregraphicstate.code.tex
File: pgfcoregraphicstate.code.tex 2007/12/12  (rcs-revision 1.8)
\pgflinewidth=\dimen140
)
(/usr/share/texmf/tex/generic/pgf/basiclayer/pgfcoretransformations.code.tex
File: pgfcoretransformations.code.tex 2008/02/04  (rcs-revision 1.10)
\pgf@pt@x=\dimen141
\pgf@pt@y=\dimen142
\pgf@pt@temp=\dimen143
)
(/usr/share/texmf/tex/generic/pgf/basiclayer/pgfcorequick.code.tex
File: pgfcorequick.code.tex 2006/10/11  (rcs-revision 1.2)
)
(/usr/share/texmf/tex/generic/pgf/basiclayer/pgfcoreobjects.code.tex
File: pgfcoreobjects.code.tex 2006/10/11  (rcs-revision 1.2)
)
(/usr/share/texmf/tex/generic/pgf/basiclayer/pgfcorepathprocessing.code.tex
File: pgfcorepathprocessing.code.tex 2008/01/23  (rcs-revision 1.7)
)
(/usr/share/texmf/tex/generic/pgf/basiclayer/pgfcorearrows.code.tex
File: pgfcorearrows.code.tex 2007/06/07  (rcs-revision 1.8)
)
(/usr/share/texmf/tex/generic/pgf/basiclayer/pgfcoreshade.code.tex
File: pgfcoreshade.code.tex 2007/12/10  (rcs-revision 1.9)
\pgf@max=\dimen144
\pgf@sys@shading@range@num=\count114
)
(/usr/share/texmf/tex/generic/pgf/basiclayer/pgfcoreimage.code.tex
File: pgfcoreimage.code.tex 2008/01/15  (rcs-revision 1.1)
\pgfexternal@startupbox=\box38
)
(/usr/share/texmf/tex/generic/pgf/basiclayer/pgfcorelayers.code.tex
File: pgfcorelayers.code.tex 2008/01/15  (rcs-revision 1.1)
)
(/usr/share/texmf/tex/generic/pgf/basiclayer/pgfcoretransparency.code.tex
File: pgfcoretransparency.code.tex 2008/01/17  (rcs-revision 1.2)
)
(/usr/share/texmf/tex/generic/pgf/basiclayer/pgfcorepatterns.code.tex
File: pgfcorepatterns.code.tex 2008/01/15  (rcs-revision 1.1)
)))
(/usr/share/texmf/tex/generic/pgf/modules/pgfmoduleshapes.code.tex
File: pgfmoduleshapes.code.tex 2008/02/13  (rcs-revision 1.4)
\pgfnodeparttextbox=\box39
\toks@savedmacro=\toks28
)
(/usr/share/texmf/tex/generic/pgf/modules/pgfmoduleplot.code.tex
File: pgfmoduleplot.code.tex 2008/01/15  (rcs-revision 1.1)
\pgf@plotwrite=\write3
)
(/usr/share/texmf/tex/latex/pgf/compatibility/pgfcomp-version-0-65.sty
Package: pgfcomp-version-0-65 2007/07/03 v2.00 (rcs-revision 1.7)
\pgf@nodesepstart=\dimen145
\pgf@nodesepend=\dimen146
)
(/usr/share/texmf/tex/latex/pgf/compatibility/pgfcomp-version-1-18.sty
Package: pgfcomp-version-1-18 2007/07/23 v2.00 (rcs-revision 1.1)
))
(/usr/share/texmf/tex/latex/pgf/utilities/pgffor.sty
(/usr/share/texmf/tex/generic/pgf/utilities/pgffor.code.tex
Package: pgffor 2007/11/07 v2.00 (rcs-revision 1.8)
\pgffor@iter=\dimen147
\pgffor@skip=\dimen148
))
(/usr/share/texmf/tex/generic/pgf/frontendlayer/tikz/tikz.code.tex
Package: tikz 2008/02/13 v2.00 (rcs-revision 1.27)

(/usr/share/texmf/tex/generic/pgf/libraries/pgflibraryplothandlers.code.tex
File: pgflibraryplothandlers.code.tex 2007/03/09 v2.00 (rcs-revision 1.9)
\pgf@plot@mark@count=\count115
\pgfplotmarksize=\dimen149
)
\tikz@lastx=\dimen150
\tikz@lasty=\dimen151
\tikz@lastxsaved=\dimen152
\tikz@lastysaved=\dimen153
\tikzleveldistance=\dimen154
\tikzsiblingdistance=\dimen155
\tikz@figbox=\box40
\tikz@tempbox=\box41
\tikztreelevel=\count116
\tikznumberofchildren=\count117
\tikznumberofcurrentchild=\count118
\tikz@fig@count=\count119

(/usr/share/texmf/tex/generic/pgf/modules/pgfmodulematrix.code.tex
File: pgfmodulematrix.code.tex 2008/01/15  (rcs-revision 1.1)
\pgfmatrixcurrentrow=\count120
\pgfmatrixcurrentcolumn=\count121
\pgf@matrix@numberofcolumns=\count122
)
\tikz@expandcount=\count123

(/usr/share/texmf/tex/generic/pgf/frontendlayer/tikz/libraries/tikzlibrarytopat
hs.code.tex
File: tikzlibrarytopaths.code.tex 2008/01/09 v2.00 (rcs-revision 1.1)
)))
*\usetikzlibrary{calc}
(/usr/share/texmf-texlive/tex/latex/xkeyval/xkeyval.sty
Package: xkeyval 2006/11/18 v2.5f package option processing (HA)

(/usr/share/texmf-texlive/tex/latex/xkeyval/xkeyval.tex
\XKV@toks=\toks29
\XKV@depth=\count124
File: xkeyval.tex 2006/11/18 v2.5f key=value parser (HA)
))
(/usr/share/texmf-texlive/tex/latex/tools/calc.sty
Package: calc 2005/08/06 v4.2 Infix arithmetic (KKT,FJ)
\calc@Acount=\count125
\calc@Bcount=\count126
\calc@Adimen=\dimen156
\calc@Bdimen=\dimen157
\calc@Askip=\skip61
\calc@Bskip=\skip62
LaTeX Info: Redefining \setlength on input line 75.
LaTeX Info: Redefining \addtolength on input line 76.
\calc@Ccount=\count127
\calc@Cskip=\skip63
)
(/usr/share/texmf-texlive/tex/latex/listings/listings.sty
\lst@mode=\count128
\lst@gtempboxa=\box42
\lst@token=\toks30
\lst@length=\count129
\lst@currlwidth=\dimen158
\lst@column=\count130
\lst@pos=\count131
\lst@lostspace=\dimen159
\lst@width=\dimen160
\lst@newlines=\count132
\lst@lineno=\count133
\c@lstlisting=\count134
\lst@maxwidth=\dimen161

(/usr/share/texmf-texlive/tex/latex/listings/lstpatch.sty
File: lstpatch.sty 2004/10/17 1.3b (Carsten Heinz)
)
(/usr/share/texmf-texlive/tex/latex/listings/lstmisc.sty
File: lstmisc.sty 2004/09/07 1.3 (Carsten Heinz)
\c@lstnumber=\count135
\lst@skipnumbers=\count136
\lst@framebox=\box43
)
(/usr/share/texmf-texlive/tex/latex/listings/listings.cfg
File: listings.cfg 2004/09/05 1.3 listings configuration
))
Package: listings 2004/10/17 1.3b (Carsten Heinz)

(/usr/share/texmf-texlive/tex/latex/fp/fp.sty
Package: fp 1995/04/02

`Fixed Point Package', Version 0.8, April 2, 1995 (C) Michael Mehlich
(/usr/share/texmf-texlive/tex/latex/fp/defpattern.sty
Package: defpattern 1994/10/12
\actioncount=\count137
)
(/usr/share/texmf-texlive/tex/latex/fp/fp-basic.sty
Package: fp-basic 1996/05/13
\FP@xs=\count138
\FP@xia=\count139
\FP@xib=\count140
\FP@xfa=\count141
\FP@xfb=\count142
\FP@rega=\count143
\FP@regb=\count144
\FP@regs=\count145
\FP@times=\count146
)
(/usr/share/texmf-texlive/tex/latex/fp/fp-addons.sty
Package: fp-addons 1995/03/15
)
(/usr/share/texmf-texlive/tex/latex/fp/fp-snap.sty
Package: fp-snap 1995/04/05
)
(/usr/share/texmf-texlive/tex/latex/fp/fp-exp.sty
Package: fp-exp 1995/04/03
)
(/usr/share/texmf-texlive/tex/latex/fp/fp-trigo.sty
Package: fp-trigo 1995/04/14
)
(/usr/share/texmf-texlive/tex/latex/fp/fp-pas.sty
Package: fp-pas 1994/08/29
)
(/usr/share/texmf-texlive/tex/latex/fp/fp-random.sty
Package: fp-random 1995/02/23
\FPseed=\count147
)
(/usr/share/texmf-texlive/tex/latex/fp/fp-eqn.sty
Package: fp-eqn 1995/04/03
)
(/usr/share/texmf-texlive/tex/latex/fp/fp-upn.sty
Package: fp-upn 1996/10/21
)
(/usr/share/texmf-texlive/tex/latex/fp/fp-eval.sty
Package: fp-eval 1995/04/03
))
(/usr/share/texmf/tex/generic/pgf/frontendlayer/tikz/libraries/tikzlibrarycalc.
code.tex
File: tikzlibrarycalc.code.tex 2008/02/04 v2.00 (rcs-revision 1.5)
)
*\usetikzlibrary{positioning}

(/usr/share/texmf/tex/generic/pgf/frontendlayer/tikz/libraries/tikzlibraryposit
ioning.code.tex
File: tikzlibrarypositioning.code.tex 2008/02/12 v2.00 (rcs-revision 1.5)
)
*
(Please type a command or say `\end')
*\renewcommand\ExerciseName{Exercice}

*\renewcommand{\AnswerHeader}{\medskip\centerline{\textbf{Solution de

*                        l'\ExerciseName  \ExerciseHeaderNB}\smallskip}}

*\newenvironment{CAnswer}{\color{red}\begin{Answer}}

*                        {\end{Answer}}

*
(Please type a command or say `\end')
*\title{Prolog - TP4\\Le problème des n reines}

*\date{}

*
(Please type a command or say `\end')
*\begin{document}
(./TP4-etu.aux)
\openout1 = `TP4-etu.aux'.

LaTeX Font Info:    Checking defaults for OML/cmm/m/it on input line 0.
LaTeX Font Info:    ... okay on input line 0.
LaTeX Font Info:    Checking defaults for T1/cmr/m/n on input line 0.
LaTeX Font Info:    ... okay on input line 0.
LaTeX Font Info:    Checking defaults for OT1/cmr/m/n on input line 0.
LaTeX Font Info:    ... okay on input line 0.
LaTeX Font Info:    Checking defaults for OMS/cmsy/m/n on input line 0.
LaTeX Font Info:    ... okay on input line 0.
LaTeX Font Info:    Checking defaults for OMX/cmex/m/n on input line 0.
LaTeX Font Info:    ... okay on input line 0.
LaTeX Font Info:    Checking defaults for U/cmr/m/n on input line 0.
LaTeX Font Info:    ... okay on input line 0.
 (/usr/share/texmf-texlive/tex/latex/ucs/ucsencs.def
File: ucsencs.def 2003/11/29 Fixes to fontencodings LGR, T3
)
(/usr/share/texmf/tex/context/base/supp-pdf.tex
[Loading MPS to PDF converter (version 2006.09.02).]
\scratchcounter=\count148
\scratchdimen=\dimen162
\scratchbox=\box44
\nofMPsegments=\count149
\nofMParguments=\count150
\everyMPshowfont=\toks31
\MPscratchCnt=\count151
\MPscratchDim=\dimen163
\MPnumerator=\count152
\everyMPtoPDFconversion=\toks32
) ABD: EveryShipout initializing macros
*\maketitle
(/usr/share/texmf-texlive/tex/latex/ucs/data/uni-0.def
File: uni-0.def 2004/10/17 UCS: Unicode data U+0000..U+00FF
)
LaTeX Font Info:    Try loading font information for U+msa on input line 0.

(/usr/share/texmf-texlive/tex/latex/amsfonts/umsa.fd
File: umsa.fd 2002/01/19 v2.2g AMS font definitions
)
LaTeX Font Info:    Try loading font information for U+msb on input line 0.

(/usr/share/texmf-texlive/tex/latex/amsfonts/umsb.fd
File: umsb.fd 2002/01/19 v2.2g AMS font definitions
)

LaTeX Warning: No \author given.


*\begin{textblock*}{4cm}(10mm,10mm)

*\begin{Large}ESIAL 3A IL LE\end{Large}

*\end{textblock*}

Overfull \hbox (2.39659pt too wide) detected at line 0
[]\OT1/cmr/m/n/14.4 ESIAL 3A IL LE 
 []


*\begin{textblock*}{3cm}(160mm,10mm)

*\includegraphics[width=\textwidth]{../../ESIAL.pdf}
<../../ESIAL.pdf, id=4, 122.056pt x 130.88899pt>
File: ../../ESIAL.pdf Graphic file (type pdf)
 <use ../../ESIAL.pdf>
*\end{textblock*}

Overfull \hbox (15.0pt too wide) detected at line 0
[][] 
 []


*
(Please type a command or say `\end')
*\section*{Le problème}

*Soit n un entier positif non nul. On souhaite disposer n reines sur un damier

*carré de n cases de côté de manière à ce qu'aucune reine ne puisse en pre
ndre

*une autre. Une reine peut prendre toute pièce se trouvant sur la même ligne

*horizontale, verticale ou diagonale qu'elle.

*Une solution possible avec n = 4 :

*\begin{center}

*\begin{tikzpicture}[node distance=1.5em]

* \pgfpathgrid[step={\pgfpoint{1cm}{1cm}}]

*  {\pgfpoint{0cm}{0cm}}{\pgfpoint{4cm}{4cm}}

* \pgfusepath{stroke}

* \draw[fill=black] (0,0) rectangle  (1,1)

*                         rectangle  (2,2)

*                         rectangle  (3,3)

*                         rectangle  (4,4)

*                   (0,2) rectangle  (1,3)

*                         rectangle  (2,4)

*                   (2,0) rectangle  (3,1)

*                         rectangle  (4,2);

*\draw[fill=black] (0.5, 1.5) circle (4mm)

*                  (3.5, 2.5) circle (4mm);

*\draw[fill=white] (1.5, 3.5) circle (4mm)

*                  (2.5, 0.5) circle (4mm);

*\end{tikzpicture}

*\end{center}

*Dans ce TP, nous vous proposons d'utiliser le mécanisme de programmation par

*contraintes de Prolog. (On pourrait résoudre le problème d'une autre manièr
e).

*
(Please type a command or say `\end')
*\section*{Le codage du plateau}

*Il existe plusieurs représentation possible du plateau. On pourrait prendre

*une liste de $n*n$ entiers où chaque entier vaut 1 lorsqu'il y a une reine

*dans la case correspondante, 0 sinon.

*
(Please type a command or say `\end')
*Le damier de l'exemple serait représenté par la liste:

*\begin{verbatim}

*[0,1,0,0,

* 0,0,0,1,

* 1,0,0,0,

* 0,0,1,0]

*\end{verbatim}

*Cependant on peut choisir une manière plus compacte de représenter le platea
u.

*On sait qu'il ne peut pas avoir plus d'une reine par ligne et qu'il y a donc

*exactement une reine par ligne puisqu'il y a n reines et n lignes. On peut

*donc représenter le plateau par liste de $n$ entiers où chaque entier

*représente la position de la reine sur la ligne correspondante.

*
(Please type a command or say `\end')
*Le plateau de l'exemple est donc codé de la manière suivante :

*\verb$[2,4,1,3]$

*
(Please type a command or say `\end')
*\begin{Exercise}[title={Problème des n tours}]
PAs de label
*Pour l'instant nous ne considérerons pas le cas de reines sur la même

*diagonale. Ecrire un prédicat \verb$n_tours(N,Solution)$ qui instanciera

*\verb$Solution$ à une liste de $n$ entiers représentant les tours sur le

*plateau tel qu'aucune d'elles ne soit sur la même ligne.

*
(Please type a command or say `\end')
*Indication : le prédicat \verb$length(N,L)$ permet de générer une liste de

*taille $N$.

*\end{Exercise}

*\begin{CAnswer}

*\verbatiminput{n_tours.pro}
File: n_tours.pro  (verbatim)

*\end{CAnswer}

*
[1{/var/lib/texmf/fonts/map/pdftex/updmap/pdftex.map}

 <../../ESIAL.pdf

pdfTeX warning: pdflatex (file ../../ESIAL.pdf): PDF inclusion: Page Group dete
cted which pdfTeX can't handle. Ignoring it.
>]
(Please type a command or say `\end')
*\begin{Exercise}[title={Numérotation des diagonales}]
PAs de label
*Les diagonales du damier peuvent être représentés par des constantes selon 
le

*sens de celle-ci:

*\begin{itemize}

* \item diagonale $\diagup$ : numéro de ligne + numéro de colonne
LaTeX Font Info:    Try loading font information for OMS+cmr on input line 0.
(/usr/share/texmf-texlive/tex/latex/base/omscmr.fd
File: omscmr.fd 1999/05/25 v2.5h Standard LaTeX font definitions
)
LaTeX Font Info:    Font shape `OMS/cmr/m/n' in size <10> not available
(Font)              Font shape `OMS/cmsy/m/n' tried instead on input line 0.

* \item diagonale $\diagdown$ : numéro de ligne – numéro de colonne
(/usr/share/texmf-texlive/tex/latex/ucs/data/uni-32.def
File: uni-32.def 2004/10/17 UCS: Unicode data U+2000..U+20FF
)
*\end{itemize}

*Par exemple sur un damier avec n = 4 :

*\begin{center}

*\begin{tikzpicture}[node distance=1.5em]

* \node at (1cm, 2.5cm) {Ligne + Colonne};

* \pgfpathgrid[step={\pgfpoint{.5cm}{.5cm}}]

*  {\pgfpoint{0cm}{0cm}}{\pgfpoint{2cm}{2cm}}

* \pgfusepath{stroke}

* \foreach \x in {1,2,3,4} {

*  \foreach \y in {1,2,3,4} {

*   \pgfmathtruncatemacro{\z}{\x+5-\y};

*   \ifthenelse{\z=4}{

*    \def\c{red};

*   }{

*    \def\c{black};

*   }

*   \node [\c] at (\x*.5-.25, \y*.5-.25) {\z};

*  }

* }
Missing character: There is no ; in font nullfont!
Missing character: There is no ; in font nullfont!
Missing character: There is no ; in font nullfont!
Missing character: There is no ; in font nullfont!
Missing character: There is no ; in font nullfont!
Missing character: There is no ; in font nullfont!
Missing character: There is no ; in font nullfont!
Missing character: There is no ; in font nullfont!
Missing character: There is no ; in font nullfont!
Missing character: There is no ; in font nullfont!
Missing character: There is no ; in font nullfont!
Missing character: There is no ; in font nullfont!
Missing character: There is no ; in font nullfont!
Missing character: There is no ; in font nullfont!
Missing character: There is no ; in font nullfont!
Missing character: There is no ; in font nullfont!
Missing character: There is no ; in font nullfont!
Missing character: There is no ; in font nullfont!
Missing character: There is no ; in font nullfont!
Missing character: There is no ; in font nullfont!
Missing character: There is no ; in font nullfont!
Missing character: There is no ; in font nullfont!
Missing character: There is no ; in font nullfont!
Missing character: There is no ; in font nullfont!
Missing character: There is no ; in font nullfont!
Missing character: There is no ; in font nullfont!
Missing character: There is no ; in font nullfont!
Missing character: There is no ; in font nullfont!
Missing character: There is no ; in font nullfont!
Missing character: There is no ; in font nullfont!
Missing character: There is no ; in font nullfont!
Missing character: There is no ; in font nullfont!

*
(Please type a command or say `\end')
* \pgftransformxshift{4cm}

* \node at (1cm, 2.5cm) {Ligne - Colonne};

* \pgfpathgrid[step={\pgfpoint{.5cm}{.5cm}}]

*  {\pgfpoint{0cm}{0cm}}{\pgfpoint{2cm}{2cm}}

* \pgfusepath{stroke}

* \foreach \x in {1,2,3,4} {

*  \foreach \y in {1,2,3,4} {

*   \pgfmathtruncatemacro{\z}{\x-(5-\y)}

*   \ifthenelse{\z=1}{

*    \def\c{red};

*   }{

*    \def\c{black};

*   }

*   \node [\c] at (\x*.5-.25, \y*.5-.25) {\z};

*  }

* }
Missing character: There is no ; in font nullfont!
Missing character: There is no ; in font nullfont!
Missing character: There is no ; in font nullfont!
Missing character: There is no ; in font nullfont!
Missing character: There is no ; in font nullfont!
Missing character: There is no ; in font nullfont!
Missing character: There is no ; in font nullfont!
Missing character: There is no ; in font nullfont!
Missing character: There is no ; in font nullfont!
Missing character: There is no ; in font nullfont!
Missing character: There is no ; in font nullfont!
Missing character: There is no ; in font nullfont!
Missing character: There is no ; in font nullfont!
Missing character: There is no ; in font nullfont!
Missing character: There is no ; in font nullfont!
Missing character: There is no ; in font nullfont!

*\end{tikzpicture}

*\end{center}

*Une diagonale est donc caractérisé par une direction et un numéro.

*
(Please type a command or say `\end')
*\Question

*Ecrire un prédicat \verb$num_diag(L1,L2)$ qui sera appelé avec \verb$L1$

*instancié à une liste de variables à domaine fini. Ce prédicat est vrai si
 la

*liste \verb$L2$ représente les numéros de diagonales $\diagup$ sur lesquelle
s

*sont les reines sachant que le plateau correspondant est donné par la liste

*\verb$L1$.

*S'il est appelé avec \verb$L1 = [A,B,C]$ alors \verb$L2$ devra être instanci
é

*à une liste de variables à domaine fini \verb$L2 = [X,Y,Z]$ tel

*\verb$X = A + 1$, \verb$Y= B + 2$ et \verb$Z = C + 3$.

*
(Please type a command or say `\end')
*\Question

*Ajouter un argument à ce prédicat pour générer la liste des diagonales

*$\diagdown$.

*
(Please type a command or say `\end')
*Indication : Prolog ne gère pas les contraintes sur les entiers négatifs. Il


*faut donc penser à translater le numéro des diagonale $\diagdown$.

*
(Please type a command or say `\end')
*\Question

*Compléter le problème des n tours pour résoudre le problème des n reines.

*\end{Exercise}

*\begin{CAnswer}

*\begin{enumerate}

* \item \verbatiminput{diag.pro}
File: diag.pro  (verbatim)

* \item \verbatiminput{diags.pro}
File: diags.pro  (verbatim)

Overfull \hbox (5.4972pt too wide) detected at line 0
 []\OT1/cmtt/m/n/10 num_diags(L1,L2,L3) :- length(L1, N), num_diags(L1,L2,L3,1,
N). 
 []


* \item \verbatiminput{n_reines.pro}
File: n_reines.pro  (verbatim)

*\end{enumerate}

*
(Please type a command or say `\end')
*\end{CAnswer}

*
(Please type a command or say `\end')
*\begin{Exercise}[title={Elimination des symétries}]
PAs de label
*Il est souvent possible à partir d'une solution d'un problème en trouver

*d'autres par une transformation assez simple. On dit alors que le problème

*possède des symétries. On peut donc rajouter des contraintes pour éviter le
s

*solutions symétriques et générer si nécessaire les solutions symétriques.


*\Question Si un damier est solution au problème des n reines alors la symétr
ie

*par rapport à un axe horizontal sera lui-aussi une solution. Trouvez une

*propriété toujours vraie pour un plateau ou son symétrique mais jamais les

*deux à la fois.

*\Question Ecrire le nouveau prédicat \verb$n_reines/2$ ne générant pas les

*réponses symétriques par rapport à un axe vertical.

*\Question Le problème présente aussi une symétrie selon un axe vertical.

*Ecrivez un nouveau prédicat qui élimine ces solutions symétriques.

*
(Please type a command or say `\end')
*Indication : utiliser l'opérateur de division entière \verb$//$.

*\end{Exercise}

*\begin{CAnswer}

*\begin{enumerate}

* \item Si la reine de ligne $i$ est sur la colonne $j$ et que la reine de

*       ligne $k$ est sur la colone $l$ tel que $k < l$ alors ce ne sera jamais


*       vrai pour le symétrique et inversement.

* \item \verbatiminput{n_reines_sym_h.pro}
File: n_reines_sym_h.pro  (verbatim)

*       \verb$=<$ pour le cas \verb$N = 1$

* \item On limite par exemple la première reine a être dans la moitié gauche
 du

*       plateau,

*       \verbatiminput{n_reines_sym_h_v.pro}
File: n_reines_sym_h_v.pro  (verbatim)

*\end{enumerate}

*\end{CAnswer}

*
[2]
(Please type a command or say `\end')
*\begin{Exercise}[title={Vérification}]
PAs de label
*Grâce au prédicat \verb$findall/3$, vérifiez le nombre de solutions trouvé
es

*par chacune des méthode.

*\end{Exercise}

*\begin{CAnswer}

*\verbatiminput{decompte_solutions.pro}
File: decompte_solutions.pro  (verbatim)

*\begin{verbatim}

*| ?- decompte_solutions(10,N1,N2,N3).

*N1 = 724

*N2 = 362

*N3 = 301

*(160 ms) yes

*\end{verbatim}

*\end{CAnswer}

*
(Please type a command or say `\end')
*\begin{Exercise}[title={Et pour aller plus loin}]
PAs de label
*En tournant le plateau de $90°$ on obtient aussi une nouvelle solution. Ecrir
e

LaTeX Warning: Command \textdegree invalid in math mode on input line 0.


*un nouveau prédicat pour résoudre le problème en supprimant cette symétrie
.

*\end{Exercise}

*\begin{CAnswer}

*
(Please type a command or say `\end')
*\end{CAnswer}

*
(Please type a command or say `\end')
*\end{document}
[3] (./TP4-etu.aux) 
Here is how much of TeX's memory you used:
 11397 strings out of 94101
 183390 string characters out of 1165810
 254625 words of memory out of 1500000
 14410 multiletter control sequences out of 10000+50000
 11680 words of font info for 46 fonts, out of 1200000 for 2000
 637 hyphenation exceptions out of 8191
 46i,7n,49p,341b,707s stack positions out of 5000i,500n,6000p,200000b,5000s
</usr/share/texmf-texlive/fonts/type1/bluesky/cm/cmbx12.pfb>
</usr/share/texmf-texlive/fonts/type1/bluesky/cm/cmmi10.pfb></usr/share/texmf-t
exlive/fonts/type1/bluesky/cm/cmr10.pfb></usr/share/texmf-texlive/fonts/type1/b
luesky/cm/cmr12.pfb></usr/share/texmf-texlive/fonts/type1/bluesky/cm/cmr17.pfb>
</usr/share/texmf-texlive/fonts/type1/bluesky/cm/cmsy10.pfb></usr/share/texmf-t
exlive/fonts/type1/bluesky/cm/cmsy7.pfb></usr/share/texmf-texlive/fonts/type1/b
luesky/cm/cmtt10.pfb></usr/share/texmf-texlive/fonts/type1/bluesky/ams/msbm10.p
fb>
Output written on TP4-etu.pdf (3 pages, 90748 bytes).
PDF statistics:
 54 PDF objects out of 1000 (max. 8388607)
 0 named destinations out of 1000 (max. 131072)
 18 words of extra memory for PDF output out of 10000 (max. 10000000)

